<?xml version="1.0" encoding="UTF-8"?>
<!-- Generated by org.testng.reporters.JUnitReportReporter -->
<testsuite hostname="localhost.localdomain" name="com.sample1.example.sdf.newTest" tests="1" failures="0" timestamp="13 Aug 2018 06:35:49 GMT" time="10.403" errors="0">
  <testcase name="login_successful" time="10.403" classname="com.sample1.example.sdf.newTest"/>
</testsuite> <!-- com.sample1.example.sdf.newTest -->
