<?xml version="1.0" encoding="UTF-8"?>
<!-- Generated by org.testng.reporters.JUnitReportReporter -->
<testsuite hostname="localhost.localdomain" name="Testing_samples.Window_Handling" tests="1" failures="0" timestamp="13 Aug 2018 06:40:25 GMT" time="5.989" errors="0">
  <testcase name="Handling_windows" time="5.989" classname="Testing_samples.Window_Handling"/>
</testsuite> <!-- Testing_samples.Window_Handling -->
